E:\C++\C++_PRIMER\FOR_TEST\WANG_YI_LED\WANG_YI_LED\DEBUG\TEST_LED.OBJ
E:\C++\C++_PRIMER\FOR_TEST\WANG_YI_LED\WANG_YI_LED\DEBUG\VC110.PDB
E:\C++\C++_PRIMER\FOR_TEST\WANG_YI_LED\DEBUG\WANG_YI_LED.ILK
E:\C++\C++_PRIMER\FOR_TEST\WANG_YI_LED\DEBUG\WANG_YI_LED.EXE
E:\C++\C++_PRIMER\FOR_TEST\WANG_YI_LED\DEBUG\WANG_YI_LED.PDB
E:\c++\c++_primer\for_test\wang_yi_led\wang_yi_led\Debug\test_led.obj
E:\c++\c++_primer\for_test\wang_yi_led\wang_yi_led\Debug\cl.command.1.tlog
E:\c++\c++_primer\for_test\wang_yi_led\wang_yi_led\Debug\CL.read.1.tlog
E:\c++\c++_primer\for_test\wang_yi_led\wang_yi_led\Debug\CL.write.1.tlog
E:\c++\c++_primer\for_test\wang_yi_led\wang_yi_led\Debug\link-cvtres.read.1.tlog
E:\c++\c++_primer\for_test\wang_yi_led\wang_yi_led\Debug\link-cvtres.write.1.tlog
E:\c++\c++_primer\for_test\wang_yi_led\wang_yi_led\Debug\link-rc.read.1.tlog
E:\c++\c++_primer\for_test\wang_yi_led\wang_yi_led\Debug\link-rc.write.1.tlog
E:\c++\c++_primer\for_test\wang_yi_led\wang_yi_led\Debug\link.1772-cvtres.read.1.tlog
E:\c++\c++_primer\for_test\wang_yi_led\wang_yi_led\Debug\link.1772-cvtres.write.1.tlog
E:\c++\c++_primer\for_test\wang_yi_led\wang_yi_led\Debug\link.1772-rc.read.1.tlog
E:\c++\c++_primer\for_test\wang_yi_led\wang_yi_led\Debug\link.1772-rc.write.1.tlog
E:\c++\c++_primer\for_test\wang_yi_led\wang_yi_led\Debug\link.1772.read.1.tlog
E:\c++\c++_primer\for_test\wang_yi_led\wang_yi_led\Debug\link.1772.write.1.tlog
E:\c++\c++_primer\for_test\wang_yi_led\wang_yi_led\Debug\link.command.1.tlog
E:\c++\c++_primer\for_test\wang_yi_led\wang_yi_led\Debug\link.read.1.tlog
E:\c++\c++_primer\for_test\wang_yi_led\wang_yi_led\Debug\link.write.1.tlog
E:\c++\c++_primer\for_test\wang_yi_led\wang_yi_led\Debug\vc110.idb
E:\c++\c++_primer\for_test\wang_yi_led\wang_yi_led\Debug\vc110.pdb
E:\c++\c++_primer\for_test\wang_yi_led\Debug\wang_yi_led.pdb
E:\c++\c++_primer\for_test\wang_yi_led\Debug\wang_yi_led.exe
E:\c++\c++_primer\for_test\wang_yi_led\Debug\wang_yi_led.ilk
